[2026-05-14 15:55:50,378] 1025 - httpx - INFO - HTTP Request: GET https://dagshub.com/api/v1/user "HTTP/1.1 200 OK"
[2026-05-14 15:55:50,393] 107 - dagshub - INFO - Accessing as OM-2204
[2026-05-14 15:55:51,687] 1025 - httpx - INFO - HTTP Request: GET https://dagshub.com/api/v1/repos/OM-2204/Network-Security "HTTP/1.1 200 OK"
[2026-05-14 15:55:52,922] 1025 - httpx - INFO - HTTP Request: GET https://dagshub.com/api/v1/user "HTTP/1.1 200 OK"
[2026-05-14 15:55:52,927] 107 - dagshub - INFO - Initialized MLflow to track repo "OM-2204/Network-Security"
[2026-05-14 15:55:52,928] 107 - dagshub - INFO - Repository OM-2204/Network-Security initialized!
[2026-05-14 15:56:12,109] 34 - root - INFO - Start data Ingestion
[2026-05-14 15:56:16,983] 65 - root - INFO - Performed train test split on the dataframe
[2026-05-14 15:56:16,984] 67 - root - INFO - Exited split_data_as_train_test method of Data_Ingestion class
[2026-05-14 15:56:16,986] 75 - root - INFO - Exporting train and test file path.
[2026-05-14 15:56:17,093] 84 - root - INFO - Exported train and test file path.
[2026-05-14 15:56:17,094] 37 - root - INFO - Data Ingestion completed and artifact: DataIngestionArtifact(trained_file_path='Artifacts\\05_14_2026_15_55_29\\data_ingestion\\ingested\\train.csv', test_file_path='Artifacts\\05_14_2026_15_55_29\\data_ingestion\\ingested\\test.csv')
[2026-05-14 15:56:17,135] 47 - root - INFO - Initiate the data Validation
[2026-05-14 15:56:17,255] 33 - root - INFO - Required number of columns:2
[2026-05-14 15:56:17,255] 34 - root - INFO - Data Frame has columns:31
[2026-05-14 15:56:17,255] 33 - root - INFO - Required number of columns:2
[2026-05-14 15:56:17,255] 34 - root - INFO - Data Frame has columns:31
[2026-05-14 15:56:17,561] 63 - root - INFO - Entered initiate_data_transformation method of DataTransformation class
[2026-05-14 15:56:17,561] 65 - root - INFO - Starting data transformation
[2026-05-14 15:56:17,604] 49 - root - INFO - Entered get_data_transformer_object method of transformation class
[2026-05-14 15:56:17,605] 54 - root - INFO - Initialise KNNImputer with {'missing_values': nan, 'n_neighbors': 3, 'weights': 'uniform'}
[2026-05-14 15:56:17,642] 47 - root - INFO - Entered the save_object method of MainUtils class
[2026-05-14 15:56:17,649] 51 - root - INFO - Exited the save_object method of MainUtils class
[2026-05-14 15:56:17,649] 47 - root - INFO - Entered the save_object method of MainUtils class
[2026-05-14 15:56:17,655] 51 - root - INFO - Exited the save_object method of MainUtils class
[2026-05-14 16:06:33,709] 47 - root - INFO - Entered the save_object method of MainUtils class
[2026-05-14 16:06:33,736] 51 - root - INFO - Exited the save_object method of MainUtils class
[2026-05-14 16:06:33,737] 47 - root - INFO - Entered the save_object method of MainUtils class
[2026-05-14 16:06:33,754] 51 - root - INFO - Exited the save_object method of MainUtils class
[2026-05-14 16:06:33,755] 130 - root - INFO - Model trainer artifact: ModelTrainerArtifact(trained_model_file_path='Artifacts\\05_14_2026_15_55_29\\model_trainer\\trained_model\\model.pkl', train_metric_artifact=ClassificationMetricArtifact(f1_score=0.9914790018259282, precision_score=0.9892712550607288, recall_score=0.9936966246441643), test_metric_artifact=ClassificationMetricArtifact(f1_score=0.9739687625150181, precision_score=0.9666136724960255, recall_score=0.9814366424535916))
